<?xml version="1.0" encoding="UTF-8"?>
<testng-results ignored="0" total="2" passed="2" failed="0" skipped="0">
  <reporter-output>
  </reporter-output>
  <suite started-at="2022-10-30T20:44:14 IST" name="Default suite" finished-at="2022-10-30T20:44:21 IST" duration-ms="6286">
    <groups>
    </groups>
    <test started-at="2022-10-30T20:44:14 IST" name="Default test" finished-at="2022-10-30T20:44:21 IST" duration-ms="6286">
      <class name="testScripts.PlaceOrder">
        <test-method signature="searchItemTest()[pri:1, instance:testScripts.PlaceOrder@188715b5]" started-at="2022-10-30T20:44:14 IST" name="searchItemTest" finished-at="2022-10-30T20:44:20 IST" duration-ms="5574" status="PASS">
          <reporter-output>
          </reporter-output>
        </test-method> <!-- searchItemTest -->
        <test-method signature="searchItemPageTest()[pri:2, instance:testScripts.PlaceOrder@188715b5]" started-at="2022-10-30T20:44:20 IST" name="searchItemPageTest" finished-at="2022-10-30T20:44:21 IST" duration-ms="671" status="PASS">
          <reporter-output>
          </reporter-output>
        </test-method> <!-- searchItemPageTest -->
      </class> <!-- testScripts.PlaceOrder -->
    </test> <!-- Default test -->
  </suite> <!-- Default suite -->
</testng-results>
